<?xml version="1.0" encoding="UTF-8"?>
<testsuite name="(empty)"
	tests="5"
	failures="0"
	disabled="0"
	skipped="2"
	hostname=""
	time="0"
	timestamp="2026-08-30T01:06:58"
	>
	<testcase name="det_replay.flipper_tape_hash_stable" classname="det_replay.flipper_tape_hash_stable" time="0.0335516" status="notrun">
		<skipped message="SKIP_REGULAR_EXPRESSION_MATCHED"/>
		<properties/>
		<system-out>Running main() from D:\a\_temp\vcpkg\buildtrees\gtest\src\v1.18.0-e6987f02b9.clean\googletest\src\gtest_main.cc
Note: Google Test filter = det_replay.flipper_tape_hash_stable
[==========] Running 1 test from 1 test suite.
[----------] Global test environment set-up.
[----------] 1 test from det_replay
[ RUN      ] det_replay.flipper_tape_hash_stable
D:\a\Tiltburst\Tiltburst\tests\sim\det_replay_flipper_test.cpp(151): Skipped
no committed golden for this OS yet

[  SKIPPED ] det_replay.flipper_tape_hash_stable (0 ms)
[----------] 1 test from det_replay (0 ms total)

[----------] Global test environment tear-down
[==========] 1 test from 1 test suite ran. (0 ms total)
[  PASSED  ] 0 tests.
[  SKIPPED ] 1 test, listed below:
[  SKIPPED ] det_replay.flipper_tape_hash_stable
</system-out>
	</testcase>
	<testcase name="det_determinism.same_seed_same_hash" classname="det_determinism.same_seed_same_hash" time="0.0979845" status="run">
		<properties/>
		<system-out>Running main() from D:\a\_temp\vcpkg\buildtrees\gtest\src\v1.18.0-e6987f02b9.clean\googletest\src\gtest_main.cc
Note: Google Test filter = det_determinism.same_seed_same_hash
[==========] Running 1 test from 1 test suite.
[----------] Global test environment set-up.
[----------] 1 test from det_determinism
[ RUN      ] det_determinism.same_seed_same_hash
[       OK ] det_determinism.same_seed_same_hash (64 ms)
[----------] 1 test from det_determinism (64 ms total)

[----------] Global test environment tear-down
[==========] 1 test from 1 test suite ran. (64 ms total)
[  PASSED  ] 1 test.
</system-out>
	</testcase>
	<testcase name="det_determinism.replay_file_round_trip" classname="det_determinism.replay_file_round_trip" time="0.0596622" status="run">
		<properties/>
		<system-out>Running main() from D:\a\_temp\vcpkg\buildtrees\gtest\src\v1.18.0-e6987f02b9.clean\googletest\src\gtest_main.cc
Note: Google Test filter = det_determinism.replay_file_round_trip
[==========] Running 1 test from 1 test suite.
[----------] Global test environment set-up.
[----------] 1 test from det_determinism
[ RUN      ] det_determinism.replay_file_round_trip
[       OK ] det_determinism.replay_file_round_trip (25 ms)
[----------] 1 test from det_determinism (25 ms total)

[----------] Global test environment tear-down
[==========] 1 test from 1 test suite ran. (25 ms total)
[  PASSED  ] 1 test.
</system-out>
	</testcase>
	<testcase name="det_feel.twice_in_process_ft03" classname="det_feel.twice_in_process_ft03" time="0.0555053" status="run">
		<properties/>
		<system-out>Running main() from D:\a\_temp\vcpkg\buildtrees\gtest\src\v1.18.0-e6987f02b9.clean\googletest\src\gtest_main.cc
Note: Google Test filter = det_feel.twice_in_process_ft03
[==========] Running 1 test from 1 test suite.
[----------] Global test environment set-up.
[----------] 1 test from det_feel
[ RUN      ] det_feel.twice_in_process_ft03
[       OK ] det_feel.twice_in_process_ft03 (21 ms)
[----------] 1 test from det_feel (21 ms total)

[----------] Global test environment tear-down
[==========] 1 test from 1 test suite ran. (21 ms total)
[  PASSED  ] 1 test.
</system-out>
	</testcase>
	<testcase name="det_golden.m2_bounce" classname="det_golden.m2_bounce" time="0.0367244" status="notrun">
		<skipped message="SKIP_REGULAR_EXPRESSION_MATCHED"/>
		<properties/>
		<system-out>Running main() from D:\a\_temp\vcpkg\buildtrees\gtest\src\v1.18.0-e6987f02b9.clean\googletest\src\gtest_main.cc
Note: Google Test filter = det_golden.m2_bounce
[==========] Running 1 test from 1 test suite.
[----------] Global test environment set-up.
[----------] 1 test from det_golden
[ RUN      ] det_golden.m2_bounce
D:\a\Tiltburst\Tiltburst\tests\sim\golden_test.cpp(83): Skipped
no golden for windows yet; set TB_RECORD_GOLDEN to record one

[  SKIPPED ] det_golden.m2_bounce (0 ms)
[----------] 1 test from det_golden (0 ms total)

[----------] Global test environment tear-down
[==========] 1 test from 1 test suite ran. (0 ms total)
[  PASSED  ] 0 tests.
[  SKIPPED ] 1 test, listed below:
[  SKIPPED ] det_golden.m2_bounce
</system-out>
	</testcase>
</testsuite>
