Start testing: Aug 30 01:06 Coordinated Universal Time
----------------------------------------------------------
48/187 Testing: det_replay.flipper_tape_hash_stable
48/187 Test: det_replay.flipper_tape_hash_stable
Command: "C:/Program Files/CMake/bin/cmake.exe" "-D" "TEST_EXECUTABLE=D:/a/Tiltburst/Tiltburst/build/windows/bin/Release/tb_tests.exe" "-D" "TEST_EXECUTOR=" "-D" "TEST_FILTER=det_replay.flipper_tape_hash_stable" "-D" "TEST_XML_OUTPUT=" "-D" "TEST_EXTRA_ARGS=" "-P" "C:/Program Files/CMake/share/cmake-4.4/Modules/GoogleTest/LaunchTest.cmake"
Directory: D:/a/Tiltburst/Tiltburst/build/windows/tests
"det_replay.flipper_tape_hash_stable" start time: Aug 30 01:06 Coordinated Universal Time
Output:
----------------------------------------------------------
Running main() from D:\a\_temp\vcpkg\buildtrees\gtest\src\v1.18.0-e6987f02b9.clean\googletest\src\gtest_main.cc
Note: Google Test filter = det_replay.flipper_tape_hash_stable
[==========] Running 1 test from 1 test suite.
[----------] Global test environment set-up.
[----------] 1 test from det_replay
[ RUN      ] det_replay.flipper_tape_hash_stable
D:\a\Tiltburst\Tiltburst\tests\sim\det_replay_flipper_test.cpp(151): Skipped
no committed golden for this OS yet

[  SKIPPED ] det_replay.flipper_tape_hash_stable (0 ms)
[----------] 1 test from det_replay (0 ms total)

[----------] Global test environment tear-down
[==========] 1 test from 1 test suite ran. (0 ms total)
[  PASSED  ] 0 tests.
[  SKIPPED ] 1 test, listed below:
[  SKIPPED ] det_replay.flipper_tape_hash_stable
<end of output>
Test time =   0.03 sec
----------------------------------------------------------
Test Pass Reason:
Skip regular expression found in output. Regex=[\[  SKIPPED \]]
"det_replay.flipper_tape_hash_stable" end time: Aug 30 01:06 Coordinated Universal Time
"det_replay.flipper_tape_hash_stable" time elapsed: 00:00:00
----------------------------------------------------------

171/187 Testing: det_determinism.same_seed_same_hash
171/187 Test: det_determinism.same_seed_same_hash
Command: "C:/Program Files/CMake/bin/cmake.exe" "-D" "TEST_EXECUTABLE=D:/a/Tiltburst/Tiltburst/build/windows/bin/Release/tb_tests.exe" "-D" "TEST_EXECUTOR=" "-D" "TEST_FILTER=det_determinism.same_seed_same_hash" "-D" "TEST_XML_OUTPUT=" "-D" "TEST_EXTRA_ARGS=" "-P" "C:/Program Files/CMake/share/cmake-4.4/Modules/GoogleTest/LaunchTest.cmake"
Directory: D:/a/Tiltburst/Tiltburst/build/windows/tests
"det_determinism.same_seed_same_hash" start time: Aug 30 01:06 Coordinated Universal Time
Output:
----------------------------------------------------------
Running main() from D:\a\_temp\vcpkg\buildtrees\gtest\src\v1.18.0-e6987f02b9.clean\googletest\src\gtest_main.cc
Note: Google Test filter = det_determinism.same_seed_same_hash
[==========] Running 1 test from 1 test suite.
[----------] Global test environment set-up.
[----------] 1 test from det_determinism
[ RUN      ] det_determinism.same_seed_same_hash
[       OK ] det_determinism.same_seed_same_hash (64 ms)
[----------] 1 test from det_determinism (64 ms total)

[----------] Global test environment tear-down
[==========] 1 test from 1 test suite ran. (64 ms total)
[  PASSED  ] 1 test.
<end of output>
Test time =   0.10 sec
----------------------------------------------------------
Test Passed.
"det_determinism.same_seed_same_hash" end time: Aug 30 01:06 Coordinated Universal Time
"det_determinism.same_seed_same_hash" time elapsed: 00:00:00
----------------------------------------------------------

172/187 Testing: det_determinism.replay_file_round_trip
172/187 Test: det_determinism.replay_file_round_trip
Command: "C:/Program Files/CMake/bin/cmake.exe" "-D" "TEST_EXECUTABLE=D:/a/Tiltburst/Tiltburst/build/windows/bin/Release/tb_tests.exe" "-D" "TEST_EXECUTOR=" "-D" "TEST_FILTER=det_determinism.replay_file_round_trip" "-D" "TEST_XML_OUTPUT=" "-D" "TEST_EXTRA_ARGS=" "-P" "C:/Program Files/CMake/share/cmake-4.4/Modules/GoogleTest/LaunchTest.cmake"
Directory: D:/a/Tiltburst/Tiltburst/build/windows/tests
"det_determinism.replay_file_round_trip" start time: Aug 30 01:06 Coordinated Universal Time
Output:
----------------------------------------------------------
Running main() from D:\a\_temp\vcpkg\buildtrees\gtest\src\v1.18.0-e6987f02b9.clean\googletest\src\gtest_main.cc
Note: Google Test filter = det_determinism.replay_file_round_trip
[==========] Running 1 test from 1 test suite.
[----------] Global test environment set-up.
[----------] 1 test from det_determinism
[ RUN      ] det_determinism.replay_file_round_trip
[       OK ] det_determinism.replay_file_round_trip (25 ms)
[----------] 1 test from det_determinism (25 ms total)

[----------] Global test environment tear-down
[==========] 1 test from 1 test suite ran. (25 ms total)
[  PASSED  ] 1 test.
<end of output>
Test time =   0.06 sec
----------------------------------------------------------
Test Passed.
"det_determinism.replay_file_round_trip" end time: Aug 30 01:06 Coordinated Universal Time
"det_determinism.replay_file_round_trip" time elapsed: 00:00:00
----------------------------------------------------------

173/187 Testing: det_feel.twice_in_process_ft03
173/187 Test: det_feel.twice_in_process_ft03
Command: "C:/Program Files/CMake/bin/cmake.exe" "-D" "TEST_EXECUTABLE=D:/a/Tiltburst/Tiltburst/build/windows/bin/Release/tb_tests.exe" "-D" "TEST_EXECUTOR=" "-D" "TEST_FILTER=det_feel.twice_in_process_ft03" "-D" "TEST_XML_OUTPUT=" "-D" "TEST_EXTRA_ARGS=" "-P" "C:/Program Files/CMake/share/cmake-4.4/Modules/GoogleTest/LaunchTest.cmake"
Directory: D:/a/Tiltburst/Tiltburst/build/windows/tests
"det_feel.twice_in_process_ft03" start time: Aug 30 01:06 Coordinated Universal Time
Output:
----------------------------------------------------------
Running main() from D:\a\_temp\vcpkg\buildtrees\gtest\src\v1.18.0-e6987f02b9.clean\googletest\src\gtest_main.cc
Note: Google Test filter = det_feel.twice_in_process_ft03
[==========] Running 1 test from 1 test suite.
[----------] Global test environment set-up.
[----------] 1 test from det_feel
[ RUN      ] det_feel.twice_in_process_ft03
[       OK ] det_feel.twice_in_process_ft03 (21 ms)
[----------] 1 test from det_feel (21 ms total)

[----------] Global test environment tear-down
[==========] 1 test from 1 test suite ran. (21 ms total)
[  PASSED  ] 1 test.
<end of output>
Test time =   0.06 sec
----------------------------------------------------------
Test Passed.
"det_feel.twice_in_process_ft03" end time: Aug 30 01:06 Coordinated Universal Time
"det_feel.twice_in_process_ft03" time elapsed: 00:00:00
----------------------------------------------------------

174/187 Testing: det_golden.m2_bounce
174/187 Test: det_golden.m2_bounce
Command: "C:/Program Files/CMake/bin/cmake.exe" "-D" "TEST_EXECUTABLE=D:/a/Tiltburst/Tiltburst/build/windows/bin/Release/tb_tests.exe" "-D" "TEST_EXECUTOR=" "-D" "TEST_FILTER=det_golden.m2_bounce" "-D" "TEST_XML_OUTPUT=" "-D" "TEST_EXTRA_ARGS=" "-P" "C:/Program Files/CMake/share/cmake-4.4/Modules/GoogleTest/LaunchTest.cmake"
Directory: D:/a/Tiltburst/Tiltburst/build/windows/tests
"det_golden.m2_bounce" start time: Aug 30 01:06 Coordinated Universal Time
Output:
----------------------------------------------------------
Running main() from D:\a\_temp\vcpkg\buildtrees\gtest\src\v1.18.0-e6987f02b9.clean\googletest\src\gtest_main.cc
Note: Google Test filter = det_golden.m2_bounce
[==========] Running 1 test from 1 test suite.
[----------] Global test environment set-up.
[----------] 1 test from det_golden
[ RUN      ] det_golden.m2_bounce
D:\a\Tiltburst\Tiltburst\tests\sim\golden_test.cpp(83): Skipped
no golden for windows yet; set TB_RECORD_GOLDEN to record one

[  SKIPPED ] det_golden.m2_bounce (0 ms)
[----------] 1 test from det_golden (0 ms total)

[----------] Global test environment tear-down
[==========] 1 test from 1 test suite ran. (0 ms total)
[  PASSED  ] 0 tests.
[  SKIPPED ] 1 test, listed below:
[  SKIPPED ] det_golden.m2_bounce
<end of output>
Test time =   0.04 sec
----------------------------------------------------------
Test Pass Reason:
Skip regular expression found in output. Regex=[\[  SKIPPED \]]
"det_golden.m2_bounce" end time: Aug 30 01:06 Coordinated Universal Time
"det_golden.m2_bounce" time elapsed: 00:00:00
----------------------------------------------------------

End testing: Aug 30 01:06 Coordinated Universal Time
